<?xml version="1.0" encoding="UTF-8"?>
<!-- Generated by org.testng.reporters.JUnitReportReporter -->
<testsuite skipped="0" hostname="LAPTOP-1SGJJN07" name="testng.Annot" tests="1" failures="0" timestamp="28 Jul 2018 19:27:56 GMT" time="0.004" errors="0">
  <testcase name="testCase1" time="0.004" classname="testng.Annot"/>
</testsuite> <!-- testng.Annot -->
