<?xml version="1.0" encoding="UTF-8"?>
<!-- Generated by org.testng.reporters.JUnitReportReporter -->
<testsuite skipped="0" hostname="LAPTOP-1SGJJN07" name="parametersanddataproviders.MergeLeadFrameWork" tests="1" failures="0" timestamp="31 Jul 2018 05:31:45 GMT" time="27.579" errors="0">
  <testcase name="doMerge" time="27.579" classname="parametersanddataproviders.MergeLeadFrameWork"/>
</testsuite> <!-- parametersanddataproviders.MergeLeadFrameWork -->
