<?xml version="1.0" encoding="UTF-8"?>
<!-- Generated by org.testng.reporters.JUnitReportReporter -->
<testsuite skipped="0" hostname="LAPTOP-1SGJJN07" name="parametersanddataproviders.DuplicateLeadFramework" tests="1" failures="0" timestamp="22 Jul 2018 04:39:39 GMT" time="20.384" errors="0">
  <testcase name="duplicateLead" time="20.384" classname="parametersanddataproviders.DuplicateLeadFramework"/>
</testsuite> <!-- parametersanddataproviders.DuplicateLeadFramework -->
