<?xml version="1.0" encoding="UTF-8"?>
<!-- Generated by org.testng.reporters.JUnitReportReporter -->
<testsuite skipped="0" hostname="LAPTOP-P5LSKAKC" name="testcases.TC_001_CreateLead_TestLeaf" tests="1" failures="0" timestamp="10 Aug 2018 10:05:05 GMT" time="43.992" errors="0">
  <testcase name="createLeadTestCase" time="43.992" classname="testcases.TC_001_CreateLead_TestLeaf"/>
</testsuite> <!-- testcases.TC_001_CreateLead_TestLeaf -->
