<?xml version="1.0" encoding="UTF-8"?>
<!-- Generated by org.testng.reporters.JUnitReportReporter -->
<testsuite skipped="0" hostname="LAPTOP-1SGJJN07" name="parameters.DeleteLeadFramework" tests="2" failures="0" timestamp="25 Jul 2018 16:58:33 GMT" time="39.886" errors="0">
  <testcase name="callDelete" time="20.129" classname="parameters.DeleteLeadFramework"/>
  <testcase name="callDelete" time="19.757" classname="parameters.DeleteLeadFramework"/>
</testsuite> <!-- parameters.DeleteLeadFramework -->
