<?xml version="1.0" encoding="UTF-8"?>
<!-- Generated by org.testng.reporters.JUnitReportReporter -->
<testsuite skipped="0" hostname="LAPTOP-P5LSKAKC" name="week5.CreateLeadFrameWork" tests="1" failures="0" timestamp="11 Aug 2018 10:38:15 GMT" time="0.000" errors="1">
  <testcase name="createlead" time="0.000" classname="week5.CreateLeadFrameWork">
    <error type="org.testng.TestNGException" message="
Method public void week5.CreateLeadFrameWork.createlead(java.lang.String,java.lang.String,java.lang.String) requires a @DataProvider named : sendData">
      <![CDATA[org.testng.TestNGException: 
Method public void week5.CreateLeadFrameWork.createlead(java.lang.String,java.lang.String,java.lang.String) requires a @DataProvider named : sendData
at org.testng.internal.Parameters.findDataProvider(Parameters.java:513)
at org.testng.internal.Parameters.handleParameters(Parameters.java:691)
at org.testng.internal.ParameterHandler.handleParameters(ParameterHandler.java:49)
at org.testng.internal.ParameterHandler.createParameters(ParameterHandler.java:37)
at org.testng.internal.Invoker.invokeTestMethods(Invoker.java:924)
at org.testng.internal.TestMethodWorker.invokeTestMethods(TestMethodWorker.java:125)
at org.testng.internal.TestMethodWorker.run(TestMethodWorker.java:109)
at java.util.concurrent.ThreadPoolExecutor.runWorker(Unknown Source)
at java.util.concurrent.ThreadPoolExecutor$Worker.run(Unknown Source)
at java.lang.Thread.run(Unknown Source)
]]>
    </error>
  </testcase> <!-- createlead -->
</testsuite> <!-- week5.CreateLeadFrameWork -->
