<?xml version="1.0" encoding="UTF-8"?>
<!-- Generated by org.testng.reporters.JUnitReportReporter -->
<testsuite skipped="0" hostname="LAPTOP-P5LSKAKC" name="testcases.TC_005_DuplicateLead" tests="1" failures="0" timestamp="10 Aug 2018 10:05:05 GMT" time="22.458" errors="0">
  <testcase name="Duplicateleadtestcase" time="22.458" classname="testcases.TC_005_DuplicateLead"/>
</testsuite> <!-- testcases.TC_005_DuplicateLead -->
