<?xml version="1.0" encoding="UTF-8"?>
<!-- Generated by org.testng.reporters.JUnitReportReporter -->
<testsuite skipped="0" hostname="LAPTOP-1SGJJN07" name="week5.Wrapper" tests="1" failures="0" timestamp="27 May 2018 04:33:15 GMT" time="10.033" errors="0">
  <testcase name="login" time="10.033" classname="week5.Wrapper"/>
</testsuite> <!-- week5.Wrapper -->
