<?xml version="1.0" encoding="UTF-8"?>
<!-- Generated by org.testng.reporters.JUnitReportReporter -->
<testsuite skipped="1" hostname="LAPTOP-1SGJJN07" name="week5.DuplicateLeadFramework" tests="1" failures="0" timestamp="27 May 2018 06:02:14 GMT" time="0.000" errors="0">
  <testcase name="duplicatelead" time="0.000" classname="week5.DuplicateLeadFramework">
    <skipped/>
  </testcase> <!-- duplicatelead -->
</testsuite> <!-- week5.DuplicateLeadFramework -->
