<?xml version="1.0" encoding="UTF-8"?>
<!-- Generated by org.testng.reporters.JUnitReportReporter -->
<testsuite skipped="0" hostname="LAPTOP-1SGJJN07" name="testng.DeleteLeadFrameWork" tests="1" failures="0" timestamp="22 Jul 2018 17:11:07 GMT" time="21.413" errors="0">
  <testcase name="callDelete" time="21.413" classname="testng.DeleteLeadFrameWork"/>
</testsuite> <!-- testng.DeleteLeadFrameWork -->
