<?xml version="1.0" encoding="UTF-8"?>
<!-- Generated by org.testng.reporters.JUnitReportReporter -->
<testsuite skipped="0" hostname="LAPTOP-1SGJJN07" name="Listeners.CreateLeadFrameWork" tests="4" failures="0" timestamp="22 Jul 2018 07:54:34 GMT" time="77.185" errors="0">
  <testcase name="createLead" time="19.143" classname="Listeners.CreateLeadFrameWork"/>
  <testcase name="createLead" time="19.082" classname="Listeners.CreateLeadFrameWork"/>
  <testcase name="createLead" time="18.111" classname="Listeners.CreateLeadFrameWork"/>
  <testcase name="createLead" time="20.849" classname="Listeners.CreateLeadFrameWork"/>
</testsuite> <!-- Listeners.CreateLeadFrameWork -->
