<?xml version="1.0" encoding="UTF-8"?>
<!-- Generated by org.testng.reporters.JUnitReportReporter -->
<testsuite skipped="0" hostname="LAPTOP-1SGJJN07" name="week5.AdvanceReport" tests="1" failures="0" timestamp="27 May 2018 17:56:27 GMT" time="5.114" errors="0">
  <testcase name="login" time="5.114" classname="week5.AdvanceReport"/>
</testsuite> <!-- week5.AdvanceReport -->
