<?xml version="1.0" encoding="UTF-8"?>
<!-- Generated by org.testng.reporters.JUnitReportReporter -->
<testsuite skipped="0" hostname="LAPTOP-1SGJJN07" name="parameters.CreateLeadFramework" tests="2" failures="0" timestamp="25 Jul 2018 16:58:33 GMT" time="42.479" errors="0">
  <testcase name="createLead" time="19.401" classname="parameters.CreateLeadFramework"/>
  <testcase name="createLead" time="23.078" classname="parameters.CreateLeadFramework"/>
</testsuite> <!-- parameters.CreateLeadFramework -->
