<?xml version="1.0" encoding="UTF-8"?>
<!-- Generated by org.testng.reporters.JUnitReportReporter -->
<testsuite skipped="1" hostname="LAPTOP-1SGJJN07" name="week5.DeleteLeadFrameWork" tests="1" failures="0" timestamp="27 May 2018 06:02:14 GMT" time="0.000" errors="0">
  <testcase name="deletelead" time="0.000" classname="week5.DeleteLeadFrameWork">
    <skipped/>
  </testcase> <!-- deletelead -->
</testsuite> <!-- week5.DeleteLeadFrameWork -->
