<?xml version="1.0" encoding="UTF-8"?>
<!-- Generated by org.testng.reporters.JUnitReportReporter -->
<testsuite skipped="0" hostname="LAPTOP-1SGJJN07" name="Excel.DeleteLeadFramework" tests="1" failures="0" timestamp="28 Jul 2018 05:58:32 GMT" time="18.788" errors="0">
  <testcase name="callDelete" time="18.788" classname="Excel.DeleteLeadFramework"/>
</testsuite> <!-- Excel.DeleteLeadFramework -->
