<?xml version="1.0" encoding="UTF-8"?>
<!-- Generated by org.testng.reporters.JUnitReportReporter -->
<testsuite skipped="0" hostname="LAPTOP-1SGJJN07" name="testng.DuplicateLeadFramework" tests="1" failures="0" timestamp="22 Jul 2018 16:07:36 GMT" time="23.610" errors="0">
  <testcase name="duplicateLead" time="23.610" classname="testng.DuplicateLeadFramework"/>
</testsuite> <!-- testng.DuplicateLeadFramework -->
