<?xml version="1.0" encoding="UTF-8"?>
<!-- Generated by org.testng.reporters.JUnitReportReporter -->
<testsuite skipped="0" hostname="LAPTOP-1SGJJN07" name="week4.Myntra" tests="1" failures="0" timestamp="26 May 2018 04:41:05 GMT" time="78.199" errors="0">
  <testcase name="call" time="78.199" classname="week4.Myntra"/>
</testsuite> <!-- week4.Myntra -->
