<?xml version="1.0" encoding="UTF-8"?>
<!-- Generated by org.testng.reporters.JUnitReportReporter -->
<testsuite skipped="0" hostname="LAPTOP-1SGJJN07" name="testng.Annotations" tests="2" failures="0" timestamp="28 Jul 2018 19:20:10 GMT" time="0.005" errors="0">
  <testcase name="testCase1" time="0.003" classname="testng.Annotations"/>
  <testcase name="testCase2" time="0.002" classname="testng.Annotations"/>
</testsuite> <!-- testng.Annotations -->
