<?xml version="1.0" encoding="UTF-8"?>
<!-- Generated by org.testng.reporters.JUnitReportReporter -->
<testsuite skipped="0" hostname="LAPTOP-1SGJJN07" name="parametersanddataproviders.CreateLeadFrameWork" tests="2" failures="0" timestamp="22 Jul 2018 15:15:52 GMT" time="48.722" errors="0">
  <testcase name="createLead" time="20.777" classname="parametersanddataproviders.CreateLeadFrameWork"/>
  <testcase name="createLead" time="27.945" classname="parametersanddataproviders.CreateLeadFrameWork"/>
</testsuite> <!-- parametersanddataproviders.CreateLeadFrameWork -->
