<?xml version="1.0" encoding="UTF-8"?>
<!-- Generated by org.testng.reporters.JUnitReportReporter -->
<testsuite skipped="0" hostname="LAPTOP-P5LSKAKC" name="testcases.TC_003_DeleteLead" tests="1" failures="0" timestamp="10 Aug 2018 10:05:05 GMT" time="20.980" errors="0">
  <testcase name="deleteLeadTestCase" time="20.980" classname="testcases.TC_003_DeleteLead"/>
</testsuite> <!-- testcases.TC_003_DeleteLead -->
