<?xml version="1.0" encoding="UTF-8"?>
<!-- Generated by org.testng.reporters.JUnitReportReporter -->
<testsuite skipped="0" hostname="LAPTOP-1SGJJN07" name="week4.Facebook" tests="1" failures="0" timestamp="26 May 2018 16:19:29 GMT" time="38.422" errors="0">
  <testcase name="Fb" time="38.422" classname="week4.Facebook"/>
</testsuite> <!-- week4.Facebook -->
