<?xml version="1.0" encoding="UTF-8"?>
<!-- Generated by org.testng.reporters.JUnitReportReporter -->
<testsuite skipped="0" hostname="LAPTOP-1SGJJN07" name="week2.day2.wdmethods.ProjectWrappers" tests="1" failures="0" timestamp="27 May 2018 04:37:43 GMT" time="6.390" errors="0">
  <testcase name="test" time="6.390" classname="week2.day2.wdmethods.ProjectWrappers"/>
</testsuite> <!-- week2.day2.wdmethods.ProjectWrappers -->
