<?xml version="1.0" encoding="UTF-8"?>
<!-- Generated by org.testng.reporters.JUnitReportReporter -->
<testsuite skipped="0" hostname="LAPTOP-1SGJJN07" name="parameters.DuplicateLeadFramework" tests="1" failures="0" timestamp="25 Jul 2018 16:58:33 GMT" time="20.695" errors="0">
  <testcase name="duplicateLead" time="20.695" classname="parameters.DuplicateLeadFramework"/>
</testsuite> <!-- parameters.DuplicateLeadFramework -->
