<?xml version="1.0" encoding="UTF-8"?>
<!-- Generated by org.testng.reporters.JUnitReportReporter -->
<testsuite skipped="0" hostname="LAPTOP-1SGJJN07" name="testcases.TC_002_CreateLead_Negativecase" tests="3" failures="0" timestamp="30 Jul 2018 05:38:18 GMT" time="42.348" errors="0">
  <testcase name="createLeadTestCase" time="13.757" classname="testcases.TC_002_CreateLead_Negativecase"/>
  <testcase name="createLeadTestCase" time="14.328" classname="testcases.TC_002_CreateLead_Negativecase"/>
  <testcase name="createLeadTestCase" time="14.263" classname="testcases.TC_002_CreateLead_Negativecase"/>
</testsuite> <!-- testcases.TC_002_CreateLead_Negativecase -->
